Using pre-set license
Built from '2020.3/staging' branch; Version is '2020.3.5f1 (8095aa901b9b) revision 8426922'; Using compiler version '192528614'; Build Type 'Release'
OS: 'Windows 10 Pro; OS build 19041.1052; Version 2004; 64bit' Language: 'ru' Physical Memory: 8134 MB
BatchMode: 1, IsHumanControllingUs: 0, StartBugReporterOnCrash: 0, Is64bit: 1, IsPro: 0

 COMMAND LINE ARGUMENTS:
H:\UnityEditor\2020.3.5f1\Editor\Unity.exe
-adb2
-batchMode
-noUpm
-name
AssetImportWorker0
-projectPath
H:/Unity Projects/Photon-Starter
-logFile
Logs/AssetImportWorker0.log
-srvPort
51885
Successfully changed project path to: H:/Unity Projects/Photon-Starter
H:/Unity Projects/Photon-Starter
Using Asset Import Pipeline V2.
Refreshing native plugins compatible for Editor in 60.10 ms, found 0 plugins.
Preloading 0 native plugins for Editor in 0.00 ms.
Initialize engine version: 2020.3.5f1 (8095aa901b9b)
[Subsystems] Discovering subsystems at path H:/UnityEditor/2020.3.5f1/Editor/Data/Resources/UnitySubsystems
[Subsystems] Discovering subsystems at path H:/Unity Projects/Photon-Starter/Assets
GfxDevice: creating device client; threaded=0
Direct3D:
    Version:  Direct3D 11.0 [level 11.1]
    Renderer: NVIDIA GeForce GTX 1060 6GB (ID=0x1c03)
    Vendor:   
    VRAM:     6052 MB
    Driver:   27.21.14.6647
Initialize mono
Mono path[0] = 'H:/UnityEditor/2020.3.5f1/Editor/Data/Managed'
Mono path[1] = 'H:/UnityEditor/2020.3.5f1/Editor/Data/MonoBleedingEdge/lib/mono/unityjit'
Mono config path = 'H:/UnityEditor/2020.3.5f1/Editor/Data/MonoBleedingEdge/etc'
Using monoOptions --debugger-agent=transport=dt_socket,embedding=1,server=y,suspend=n,address=127.0.0.1:56376
Begin MonoManager ReloadAssembly
Registering precompiled unity dll's ...
Register platform support module: H:/UnityEditor/2020.3.5f1/Editor/Data/PlaybackEngines/WindowsStandaloneSupport/UnityEditor.WindowsStandalone.Extensions.dll
Registered in 0.001420 seconds.
Native extension for WindowsStandalone target not found
Refreshing native plugins compatible for Editor in 51.69 ms, found 0 plugins.
Preloading 0 native plugins for Editor in 0.00 ms.
Mono: successfully reloaded assembly
- Completed reload, in  1.980 seconds
Platform modules already initialized, skipping
Registering precompiled user dll's ...
Registered in 0.003498 seconds.
Begin MonoManager ReloadAssembly
OnLevelWasLoaded was found on Reporter
This message has been deprecated and will be removed in a later version of Unity.
Add a delegate to SceneManager.sceneLoaded instead to get notifications after scene loading has completed

Native extension for WindowsStandalone target not found
Refreshing native plugins compatible for Editor in 0.60 ms, found 0 plugins.
Preloading 0 native plugins for Editor in 0.00 ms.
Mono: successfully reloaded assembly
- Completed reload, in  1.214 seconds
Platform modules already initialized, skipping
========================================================================
Worker process is ready to serve import requests
Launched and connected shader compiler UnityShaderCompiler.exe after 0.05 seconds
Refreshing native plugins compatible for Editor in 0.63 ms, found 0 plugins.
Preloading 0 native plugins for Editor in 0.00 ms.
Unloading 1627 Unused Serialized files (Serialized files now loaded: 0)
System memory in use before: 72.6 MB.
System memory in use after: 72.7 MB.

Unloading 38 unused Assets to reduce memory usage. Loaded Objects now: 2052.
Total: 2.166700 ms (FindLiveObjects: 0.187000 ms CreateObjectMapping: 0.070500 ms MarkObjects: 1.819000 ms  DeleteObjects: 0.088500 ms)

========================================================================
Received Import Request.
  path: Assets/RW/Photon/PhotonUnityNetworking/Resources/PhotonServerSettings.asset
  artifactKey: Guid(7ba835170d2a842d3aba32d23c006c3b) Importer(815301076,1909f56bfc062723c751e8b465ee728b)
Start importing Assets/RW/Photon/PhotonUnityNetworking/Resources/PhotonServerSettings.asset using Guid(7ba835170d2a842d3aba32d23c006c3b) Importer(815301076,1909f56bfc062723c751e8b465ee728b)  -> (artifact id: '2937ecd806f871e297bd8da65241371c') in 0.054288 seconds
  Import took 0.057670 seconds .

========================================================================
Received Import Request.
  Time since last request: 16.570026 seconds.
  path: Assets/RW/Scenes/Launcher.unity
  artifactKey: Guid(44f3269dca6ff47968c35ff18db4b34b) Importer(815301076,1909f56bfc062723c751e8b465ee728b)
Start importing Assets/RW/Scenes/Launcher.unity using Guid(44f3269dca6ff47968c35ff18db4b34b) Importer(815301076,1909f56bfc062723c751e8b465ee728b)  -> (artifact id: 'def4e2484dd4b4b950ac87eedea488a3') in 0.009792 seconds
  Import took 0.013861 seconds .

========================================================================
Received Prepare
Registering precompiled user dll's ...
Registered in 0.005097 seconds.
Begin MonoManager ReloadAssembly
Native extension for WindowsStandalone target not found
Refreshing native plugins compatible for Editor in 0.59 ms, found 0 plugins.
Preloading 0 native plugins for Editor in 0.00 ms.
Mono: successfully reloaded assembly
- Completed reload, in  1.333 seconds
Platform modules already initialized, skipping
OnLevelWasLoaded was found on Reporter
This message has been deprecated and will be removed in a later version of Unity.
Add a delegate to SceneManager.sceneLoaded instead to get notifications after scene loading has completed

Refreshing native plugins compatible for Editor in 0.63 ms, found 0 plugins.
Preloading 0 native plugins for Editor in 0.00 ms.
Unloading 1620 Unused Serialized files (Serialized files now loaded: 0)
System memory in use before: 72.4 MB.
System memory in use after: 72.5 MB.

Unloading 29 unused Assets to reduce memory usage. Loaded Objects now: 2055.
Total: 2.790800 ms (FindLiveObjects: 0.234000 ms CreateObjectMapping: 0.141400 ms MarkObjects: 2.377600 ms  DeleteObjects: 0.035700 ms)

========================================================================
Received Prepare
Refreshing native plugins compatible for Editor in 6.38 ms, found 0 plugins.
Preloading 0 native plugins for Editor in 0.00 ms.
Unloading 27 Unused Serialized files (Serialized files now loaded: 0)
System memory in use before: 40.9 MB.
System memory in use after: 41.0 MB.

Unloading 27 unused Assets to reduce memory usage. Loaded Objects now: 2055.
Total: 2.466900 ms (FindLiveObjects: 0.179300 ms CreateObjectMapping: 0.067800 ms MarkObjects: 2.194700 ms  DeleteObjects: 0.023900 ms)

========================================================================
Received Prepare
Refreshing native plugins compatible for Editor in 6.31 ms, found 0 plugins.
Preloading 0 native plugins for Editor in 0.00 ms.
Unloading 27 Unused Serialized files (Serialized files now loaded: 0)
System memory in use before: 40.9 MB.
System memory in use after: 41.0 MB.

Unloading 27 unused Assets to reduce memory usage. Loaded Objects now: 2055.
Total: 2.161300 ms (FindLiveObjects: 0.197000 ms CreateObjectMapping: 0.068200 ms MarkObjects: 1.871800 ms  DeleteObjects: 0.022800 ms)

========================================================================
Received Prepare
Refreshing native plugins compatible for Editor in 5.92 ms, found 0 plugins.
Preloading 0 native plugins for Editor in 0.00 ms.
Unloading 27 Unused Serialized files (Serialized files now loaded: 0)
System memory in use before: 40.9 MB.
System memory in use after: 41.0 MB.

Unloading 27 unused Assets to reduce memory usage. Loaded Objects now: 2055.
Total: 2.270000 ms (FindLiveObjects: 0.241800 ms CreateObjectMapping: 0.073800 ms MarkObjects: 1.920600 ms  DeleteObjects: 0.031900 ms)

========================================================================
Received Prepare
Refreshing native plugins compatible for Editor in 5.83 ms, found 0 plugins.
Preloading 0 native plugins for Editor in 0.00 ms.
Unloading 27 Unused Serialized files (Serialized files now loaded: 0)
System memory in use before: 40.9 MB.
System memory in use after: 41.0 MB.

Unloading 27 unused Assets to reduce memory usage. Loaded Objects now: 2055.
Total: 2.956600 ms (FindLiveObjects: 0.544000 ms CreateObjectMapping: 0.095500 ms MarkObjects: 2.292200 ms  DeleteObjects: 0.023300 ms)

AssetImportWorkerClient::OnTransportError - code=2 error=End of file
